<?xml version="1.0" encoding="UTF-8"?>
<testng-results ignored="0" total="5" passed="5" failed="0" skipped="0">
  <reporter-output>
  </reporter-output>
  <suite started-at="2023-10-08T18:21:07Z" name="Default suite" finished-at="2023-10-08T18:22:10Z" duration-ms="62755">
    <groups>
      <group name="cucumber">
        <method signature="AbstractTestNGCucumberTests.runScenario(io.cucumber.testng.PickleWrapper, io.cucumber.testng.FeatureWrapper)[pri:0, instance:com.testrunners.TestRunner@e70f13a]" name="runScenario" class="io.cucumber.testng.AbstractTestNGCucumberTests"/>
      </group> <!-- cucumber -->
    </groups>
    <test started-at="2023-10-08T18:21:07Z" name="Default test" finished-at="2023-10-08T18:22:10Z" duration-ms="62755">
      <class name="com.testrunners.TestRunner">
        <test-method is-config="true" signature="setUpClass()[pri:0, instance:com.testrunners.TestRunner@e70f13a]" started-at="2023-10-08T18:21:07Z" name="setUpClass" finished-at="2023-10-08T18:21:09Z" duration-ms="1719" status="PASS">
          <reporter-output>
          </reporter-output>
        </test-method> <!-- setUpClass -->
        <test-method signature="runScenario(io.cucumber.testng.PickleWrapper, io.cucumber.testng.FeatureWrapper)[pri:0, instance:com.testrunners.TestRunner@e70f13a]" started-at="2023-10-08T18:21:09Z" name="runScenario" description="Runs Cucumber Scenarios" data-provider="scenarios" finished-at="2023-10-08T18:21:30Z" duration-ms="21577" status="PASS">
          <params>
            <param index="0">
              <value>
                <![CDATA["Login with incorrect userid and password"]]>
              </value>
            </param>
            <param index="1">
              <value>
                <![CDATA["Optional[Login page features]"]]>
              </value>
            </param>
          </params>
          <reporter-output>
          </reporter-output>
        </test-method> <!-- runScenario -->
        <test-method signature="runScenario(io.cucumber.testng.PickleWrapper, io.cucumber.testng.FeatureWrapper)[pri:0, instance:com.testrunners.TestRunner@e70f13a]" started-at="2023-10-08T18:21:09Z" name="runScenario" description="Runs Cucumber Scenarios" data-provider="scenarios" finished-at="2023-10-08T18:21:45Z" duration-ms="36694" status="PASS">
          <params>
            <param index="0">
              <value>
                <![CDATA["HomePage search box"]]>
              </value>
            </param>
            <param index="1">
              <value>
                <![CDATA["Optional[HomePage features]"]]>
              </value>
            </param>
          </params>
          <reporter-output>
          </reporter-output>
        </test-method> <!-- runScenario -->
        <test-method signature="runScenario(io.cucumber.testng.PickleWrapper, io.cucumber.testng.FeatureWrapper)[pri:0, instance:com.testrunners.TestRunner@e70f13a]" started-at="2023-10-08T18:21:09Z" name="runScenario" description="Runs Cucumber Scenarios" data-provider="scenarios" finished-at="2023-10-08T18:21:30Z" duration-ms="21577" status="PASS">
          <params>
            <param index="0">
              <value>
                <![CDATA["Login with correct credential"]]>
              </value>
            </param>
            <param index="1">
              <value>
                <![CDATA["Optional[Login page features]"]]>
              </value>
            </param>
          </params>
          <reporter-output>
          </reporter-output>
        </test-method> <!-- runScenario -->
        <test-method signature="runScenario(io.cucumber.testng.PickleWrapper, io.cucumber.testng.FeatureWrapper)[pri:0, instance:com.testrunners.TestRunner@e70f13a]" started-at="2023-10-08T18:21:09Z" name="runScenario" description="Runs Cucumber Scenarios" data-provider="scenarios" finished-at="2023-10-08T18:22:00Z" duration-ms="50849" status="PASS">
          <params>
            <param index="0">
              <value>
                <![CDATA["create a new database"]]>
              </value>
            </param>
            <param index="1">
              <value>
                <![CDATA["Optional[HomePage features]"]]>
              </value>
            </param>
          </params>
          <reporter-output>
          </reporter-output>
        </test-method> <!-- runScenario -->
        <test-method signature="runScenario(io.cucumber.testng.PickleWrapper, io.cucumber.testng.FeatureWrapper)[pri:0, instance:com.testrunners.TestRunner@e70f13a]" started-at="2023-10-08T18:21:09Z" name="runScenario" description="Runs Cucumber Scenarios" data-provider="scenarios" finished-at="2023-10-08T18:21:28Z" duration-ms="19703" status="PASS">
          <params>
            <param index="0">
              <value>
                <![CDATA["verify Reset password link"]]>
              </value>
            </param>
            <param index="1">
              <value>
                <![CDATA["Optional[Login page features]"]]>
              </value>
            </param>
          </params>
          <reporter-output>
          </reporter-output>
        </test-method> <!-- runScenario -->
        <test-method is-config="true" signature="tearDownClass()[pri:0, instance:com.testrunners.TestRunner@e70f13a]" started-at="2023-10-08T18:22:00Z" name="tearDownClass" finished-at="2023-10-08T18:22:10Z" duration-ms="10126" status="PASS">
          <reporter-output>
          </reporter-output>
        </test-method> <!-- tearDownClass -->
      </class> <!-- com.testrunners.TestRunner -->
    </test> <!-- Default test -->
  </suite> <!-- Default suite -->
</testng-results>
